{"C:\\xampp\\htdocs\\GutierrezMezAP\\Parcial3\\Jest\\src\\modulo.js": {"path":"C:\\xampp\\htdocs\\GutierrezMezAP\\Parcial3\\Jest\\src\\modulo.js","statementMap":{"0":{"start":{"line":2,"column":4},"end":{"line":2,"column":31}},"1":{"start":{"line":7,"column":0},"end":{"line":7,"column":45}}},"fnMap":{"0":{"name":"areaTriangulo","decl":{"start":{"line":1,"column":9},"end":{"line":1,"column":22}},"loc":{"start":{"line":1,"column":36},"end":{"line":3,"column":1}},"line":1}},"branchMap":{},"s":{"0":1,"1":1},"f":{"0":1},"b":{},"_coverageSchema":"1a1c01bbd47fc00a2c39e90264f33305004495a9","hash":"9903ad5df0ea3da47aa0bcfc7435933b64348a7d"}
}
